<?xml version="1.0" encoding="UTF-8"?>
<!-- Generated by org.testng.reporters.JUnitXMLReporter -->
<testsuite ignored="0" hostname="DESKTOP-54QPP9V" failures="1" tests="7" name="TestSuite" time="2.106" errors="0" timestamp="2022-05-31T16:10:35 IST">
  <testcase classname="TestNG.TC1" name="Login" time="0.01"/>
  <testcase classname="TestNG.TC1" name="verifyTitle" time="0.001"/>
  <testcase classname="TestNG.TC2" name="radiobutton" time="2.011">
    <failure type="org.testng.internal.thread.ThreadTimeoutException" message="Method TestNG.TC2.radiobutton() didn&amp;apos;t finish within the time-out 2000">
      <![CDATA[org.testng.internal.thread.ThreadTimeoutException: Method TestNG.TC2.radiobutton() didn't finish within the time-out 2000
at java.base/java.util.ArrayList.forEach(ArrayList.java:1511)
... Removed 24 stack frames]]>
    </failure>
  </testcase> <!-- radiobutton -->
  <testcase classname="TestNG.TC2" name="screenshot" time="0.001"/>
  <testcase classname="TestNG.TC2" name="signup" time="0.001"/>
  <testcase classname="TestNG.TC2" name="signup" time="0.001"/>
  <testcase classname="TestNG.TC2" name="checkbox" time="0.009"/>
</testsuite> <!-- TestSuite -->
