<?xml version="1.0" encoding="UTF-8"?>
<testng-results ignored="0" total="2" passed="2" failed="0" skipped="0">
  <reporter-output>
  </reporter-output>
  <suite started-at="2022-06-10T12:16:13 IST" name="Default suite" finished-at="2022-06-10T12:16:31 IST" duration-ms="17766">
    <groups>
    </groups>
    <test started-at="2022-06-10T12:16:13 IST" name="Default test" finished-at="2022-06-10T12:16:31 IST" duration-ms="17766">
      <class name="Pom.LoginTest">
        <test-method is-config="true" signature="intBrowser()[pri:0, instance:Pom.LoginTest@2145b572]" started-at="2022-06-10T12:16:13 IST" name="intBrowser" finished-at="2022-06-10T12:16:22 IST" duration-ms="9249" status="PASS">
          <reporter-output>
          </reporter-output>
        </test-method> <!-- intBrowser -->
        <test-method is-config="true" signature="intObject()[pri:0, instance:Pom.LoginTest@2145b572]" started-at="2022-06-10T12:16:22 IST" name="intObject" finished-at="2022-06-10T12:16:22 IST" duration-ms="40" status="PASS">
          <reporter-output>
          </reporter-output>
        </test-method> <!-- intObject -->
        <test-method signature="verfiyButton()[pri:1, instance:Pom.LoginTest@2145b572]" started-at="2022-06-10T12:16:22 IST" name="verfiyButton" finished-at="2022-06-10T12:16:22 IST" duration-ms="146" status="PASS">
          <reporter-output>
          </reporter-output>
        </test-method> <!-- verfiyButton -->
        <test-method signature="login()[pri:2, instance:Pom.LoginTest@2145b572]" started-at="2022-06-10T12:16:22 IST" name="login" finished-at="2022-06-10T12:16:30 IST" duration-ms="8153" status="PASS">
          <reporter-output>
          </reporter-output>
        </test-method> <!-- login -->
        <test-method is-config="true" signature="teardown()[pri:0, instance:Pom.LoginTest@2145b572]" started-at="2022-06-10T12:16:30 IST" name="teardown" finished-at="2022-06-10T12:16:31 IST" duration-ms="112" status="PASS">
          <reporter-output>
          </reporter-output>
        </test-method> <!-- teardown -->
      </class> <!-- Pom.LoginTest -->
    </test> <!-- Default test -->
  </suite> <!-- Default suite -->
</testng-results>
